e:\work\gameai\gameai\debug\vc141.pdb
e:\work\gameai\gameai\debug\vc141.idb
e:\work\gameai\gameai\debug\gamescreen.obj
e:\work\gameai\gameai\debug\gamescreenlevel1.obj
e:\work\gameai\gameai\debug\gamescreenmanager.obj
e:\work\gameai\gameai\debug\levelmap.obj
e:\work\gameai\gameai\debug\mine.obj
e:\work\gameai\gameai\debug\obstaclemanager.obj
e:\work\gameai\gameai\debug\pickupmanager.obj
e:\work\gameai\gameai\debug\projectile.obj
e:\work\gameai\gameai\debug\projectilemanager.obj
e:\work\gameai\gameai\debug\source.obj
e:\work\gameai\gameai\debug\tankmanager.obj
e:\work\gameai\gameai\debug\texture2d.obj
e:\work\gameai\gameai\debug\tinystr.obj
e:\work\gameai\gameai\debug\tinyxml.obj
e:\work\gameai\gameai\debug\tinyxmlerror.obj
e:\work\gameai\gameai\debug\tinyxmlparser.obj
e:\work\gameai\gameai\debug\waypoint.obj
e:\work\gameai\gameai\debug\waypointmanager.obj
e:\work\gameai\gameai\debug\h012803gsteering.obj
e:\work\gameai\gameai\debug\h012803gtank.obj
e:\work\gameai\gameai\debug\basetank.obj
e:\work\gameai\gameai\debug\collisions.obj
e:\work\gameai\gameai\debug\controlledtank.obj
e:\work\gameai\gameai\debug\dumbtank.obj
e:\work\gameai\gameai\debug\gameobject.obj
e:\work\gameai\debug\gameai.exe
e:\work\gameai\debug\gameai.ilk
e:\work\gameai\debug\gameai.pdb
e:\work\gameai\gameai\debug\h012803gsteering.obj.enc
e:\work\gameai\gameai\debug\h012803gtank.obj.enc
e:\work\gameai\gameai\debug\vc140.idb
e:\work\gameai\gameai\debug\vc140.pdb
e:\work\gameai\gameai\debug\gameai.tlog\cl.command.1.tlog
e:\work\gameai\gameai\debug\gameai.tlog\cl.read.1.tlog
e:\work\gameai\gameai\debug\gameai.tlog\cl.write.1.tlog
e:\work\gameai\gameai\debug\gameai.tlog\link.command.1.tlog
e:\work\gameai\gameai\debug\gameai.tlog\link.delete.1.tlog
e:\work\gameai\gameai\debug\gameai.tlog\link.read.1.tlog
e:\work\gameai\gameai\debug\gameai.tlog\link.write.1.tlog
