  WaypointManager.cpp
  Waypoint.cpp
  tinyxmlparser.cpp
  tinyxmlerror.cpp
  tinyxml.cpp
  tinystr.cpp
  Texture2D.cpp
  TankManager.cpp
  Source.cpp
  ProjectileManager.cpp
  Projectile.cpp
  PickUpManager.cpp
  ObstacleManager.cpp
  Mine.cpp
  LevelMap.cpp
  h012803gTank.cpp
e:\work\gameai\gameai\h012803g_dylanhetherington\h012803gtank.cpp(44): warning C4244: 'argument': conversion from 'int' to 'float', possible loss of data
e:\work\gameai\gameai\h012803g_dylanhetherington\h012803gtank.cpp(50): warning C4018: '<': signed/unsigned mismatch
e:\work\gameai\gameai\h012803g_dylanhetherington\h012803gtank.cpp(58): warning C4018: '<': signed/unsigned mismatch
  H012803gSteering.cpp
e:\work\gameai\gameai\h012803g_dylanhetherington\h012803gsteering.cpp(127): warning C4018: '<': signed/unsigned mismatch
  GameScreenManager.cpp
  GameScreenLevel1.cpp
  GameScreen.cpp
  Generating Code...
  Compiling...
  GameObject.cpp
e:\work\gameai\gameai\gameobject.cpp(130): warning C4244: 'argument': conversion from 'double' to 'float', possible loss of data
  DumbTank.cpp
  ControlledTank.cpp
  Collisions.cpp
e:\work\gameai\gameai\collisions.cpp(94): warning C4244: 'initializing': conversion from 'double' to 'float', possible loss of data
e:\work\gameai\gameai\collisions.cpp(95): warning C4244: 'initializing': conversion from 'double' to 'float', possible loss of data
e:\work\gameai\gameai\collisions.cpp(96): warning C4244: 'initializing': conversion from 'double' to 'float', possible loss of data
e:\work\gameai\gameai\collisions.cpp(97): warning C4244: 'initializing': conversion from 'double' to 'float', possible loss of data
e:\work\gameai\gameai\collisions.cpp(98): warning C4244: 'initializing': conversion from 'double' to 'float', possible loss of data
  BaseTank.cpp
  Generating Code...
  GameAI.vcxproj -> E:\Work\GameAI\Debug\GameAI.exe
